 Current working directory: /Users/valerio/Desktop/Courses/GitAuto
[main 41c86b3] Daily commit - 2023-07-16 11:53:00
 2 files changed, 2 insertions(+), 1 deletion(-)
fatal: could not read Username for 'https://github.com': Device not configured
Current working directory: /Users/valerio/Desktop/Courses/GitAuto
[main 8b45128] Daily commit - 2023-07-16 11:54:01
 2 files changed, 5 insertions(+)
fatal: could not read Username for 'https://github.com': Device not configured
Current working directory: /Users/valerio/Desktop/Courses/GitAuto
[main 4252bf1] Daily commit - 2023-07-16 11:55:00
 2 files changed, 5 insertions(+)
fatal: could not read Username for 'https://github.com': Device not configured
Current working directory: /Users/valerio/Desktop/Courses/GitAuto
[main 526efd3] Daily commit - 2023-07-16 11:56:01
 2 files changed, 5 insertions(+)
fatal: could not read Username for 'https://github.com': Device not configured
Current working directory: /Users/valerio/Desktop/Courses/GitAuto
[main c3369a3] Daily commit - 2023-07-16 11:57:00
 2 files changed, 5 insertions(+)
fatal: could not read Username for 'https://github.com': Device not configured
Current working directory: /Users/valerio/Desktop/Courses/GitAuto
[main ebd68ee] Daily commit - 2023-07-16 11:58:00
 2 files changed, 5 insertions(+)
fatal: could not read Username for 'https://github.com': Device not configured
Current working directory: /Users/valerio/Desktop/Courses/GitAuto
[main ac31c9c] Daily commit - 2023-07-16 11:59:00
 2 files changed, 5 insertions(+)
fatal: could not read Username for 'https://github.com': Device not configured
Current working directory: /Users/valerio/Desktop/Courses/GitAuto
[main 39886cc] Daily commit - 2023-07-16 12:00:00
 2 files changed, 5 insertions(+)
fatal: could not read Username for 'https://github.com': Device not configured
Current working directory: /Users/valerio/Desktop/Courses/GitAuto
